[debug] [2017-11-07T01:53:46.607Z] ----------------------------------------------------------------------
[debug] [2017-11-07T01:53:46.609Z] Command:       /usr/local/bin/node /usr/local/bin/firebase serve
[debug] [2017-11-07T01:53:46.610Z] CLI Version:   3.9.2
[debug] [2017-11-07T01:53:46.610Z] Platform:      darwin
[debug] [2017-11-07T01:53:46.610Z] Node Version:  v6.11.2
[debug] [2017-11-07T01:53:46.611Z] Time:          Mon Nov 06 2017 17:53:46 GMT-0800 (PST)
[debug] [2017-11-07T01:53:46.611Z] ----------------------------------------------------------------------
[debug] 
[debug] [2017-11-07T01:53:46.627Z] > command requires scopes: ["email","openid","https://www.googleapis.com/auth/cloudplatformprojects.readonly","https://www.googleapis.com/auth/firebase","https://www.googleapis.com/auth/cloud-platform"]
[debug] [2017-11-07T01:53:46.627Z] > authorizing via signed-in user
[debug] [2017-11-07T01:53:46.629Z] > refreshing access token with scopes: ["email","https://www.googleapis.com/auth/cloud-platform","https://www.googleapis.com/auth/cloudplatformprojects.readonly","https://www.googleapis.com/auth/firebase","openid"]
[debug] [2017-11-07T01:53:46.629Z] >>> HTTP REQUEST POST https://www.googleapis.com/oauth2/v3/token { refresh_token: '1/eIKJaE-jGRMA1HuaPt-g9ACmiV8m_whOaIG-Xe6x4nc',
  client_id: '563584335869-fgrhgmd47bqnekij5i8b5pr03ho849e6.apps.googleusercontent.com',
  client_secret: 'j9iVZfS8kkCEFUPaAeJV0sAi',
  grant_type: 'refresh_token',
  scope: 'email https://www.googleapis.com/auth/cloud-platform https://www.googleapis.com/auth/cloudplatformprojects.readonly https://www.googleapis.com/auth/firebase openid' } 
 Mon Nov 06 2017 17:53:46 GMT-0800 (PST)
[debug] [2017-11-07T01:53:47.312Z] <<< HTTP RESPONSE 200
[debug] [2017-11-07T01:53:47.323Z] >>> HTTP REQUEST GET https://admin.firebase.com/v1/projects/unknown-stag  
 Mon Nov 06 2017 17:53:47 GMT-0800 (PST)
[debug] [2017-11-07T01:53:48.333Z] <<< HTTP RESPONSE 200
[debug] [2017-11-07T01:53:48.334Z] >>> HTTP REQUEST GET https://admin.firebase.com/v1/database/unknown-stag/tokens  
 Mon Nov 06 2017 17:53:48 GMT-0800 (PST)
[debug] [2017-11-07T01:53:48.946Z] <<< HTTP RESPONSE 200
[info] 
[info] === Serving from '/Users/michaelfisher/Documents/Dev/unknown-stag'...
[info] 
[debug] [2017-11-07T01:53:48.950Z] >>> HTTP REQUEST GET https://cloudresourcemanager.googleapis.com/v1/projects/unknown-stag  
 Mon Nov 06 2017 17:53:48 GMT-0800 (PST)
[debug] [2017-11-07T01:53:49.456Z] <<< HTTP RESPONSE 200
[debug] [2017-11-07T01:53:49.456Z] >>> HTTP REQUEST GET https://mobilesdk-pa.googleapis.com/v1/projects/252990311284/clients/_:getWebAppConfig  
 Mon Nov 06 2017 17:53:49 GMT-0800 (PST)
[debug] [2017-11-07T01:53:50.466Z] <<< HTTP RESPONSE 200
[info] i  hosting: Serving hosting files from: app
[info] ✔  hosting: Local server: http://localhost:5000

